[debug] [2025-08-15T19:24:35.502Z] ----------------------------------------------------------------------
[debug] [2025-08-15T19:24:35.505Z] Command:       C:\Program Files\nodejs\node.exe C:\Users\frede\AppData\Roaming\npm\node_modules\firebase-tools\lib\bin\firebase.js init functions
[debug] [2025-08-15T19:24:35.506Z] CLI Version:   14.12.1
[debug] [2025-08-15T19:24:35.506Z] Platform:      win32
[debug] [2025-08-15T19:24:35.506Z] Node Version:  v22.17.0
[debug] [2025-08-15T19:24:35.506Z] Time:          Fri Aug 15 2025 20:24:35 GMT+0100 (British Summer Time)
[debug] [2025-08-15T19:24:35.506Z] ----------------------------------------------------------------------
[debug] 
[debug] [2025-08-15T19:24:35.508Z] >>> [apiv2][query] GET https://firebase-public.firebaseio.com/cli.json [none]
[debug] [2025-08-15T19:24:35.745Z] > command requires scopes: ["email","openid","https://www.googleapis.com/auth/cloudplatformprojects.readonly","https://www.googleapis.com/auth/firebase","https://www.googleapis.com/auth/cloud-platform"]
[debug] [2025-08-15T19:24:35.745Z] > authorizing via signed-in user (frederickbrogan1892@gmail.com)
[info] 
     ######## #### ########  ######## ########     ###     ######  ########
     ##        ##  ##     ## ##       ##     ##  ##   ##  ##       ##
     ######    ##  ########  ######   ########  #########  ######  ######
     ##        ##  ##    ##  ##       ##     ## ##     ##       ## ##
     ##       #### ##     ## ######## ########  ##     ##  ######  ########

You're about to initialize a Firebase project in this directory:

  C:\Users\frede

Before we get started, keep in mind:

  * You are initializing within an existing Firebase project directory

[debug] [2025-08-15T19:24:36.033Z] <<< [apiv2][status] GET https://firebase-public.firebaseio.com/cli.json 200
[debug] [2025-08-15T19:24:36.034Z] <<< [apiv2][body] GET https://firebase-public.firebaseio.com/cli.json {"cloudBuildErrorAfter":1594252800000,"cloudBuildWarnAfter":1590019200000,"defaultNode10After":1594252800000,"minVersion":"3.0.5","node8DeploysDisabledAfter":1613390400000,"node8RuntimeDisabledAfter":1615809600000,"node8WarnAfter":1600128000000}
[info] 
=== Project Setup
[info] 
[info] First, let's associate this project directory with a Firebase project.
[info] You can create multiple project aliases by running firebase use --add, 
[info] but for now we'll just set up a default project.
[info] 
[debug] [2025-08-15T19:24:37.847Z] Using project from CLI flag: skygen-login
[debug] [2025-08-15T19:24:37.848Z] Checked if tokens are valid: false, expires at: 1753821709356
[debug] [2025-08-15T19:24:37.848Z] Checked if tokens are valid: false, expires at: 1753821709356
[debug] [2025-08-15T19:24:37.848Z] > refreshing access token with scopes: []
[debug] [2025-08-15T19:24:37.849Z] >>> [apiv2][query] POST https://www.googleapis.com/oauth2/v3/token [none]
[debug] [2025-08-15T19:24:37.849Z] >>> [apiv2][body] POST https://www.googleapis.com/oauth2/v3/token [omitted]
[debug] [2025-08-15T19:24:37.981Z] <<< [apiv2][status] POST https://www.googleapis.com/oauth2/v3/token 200
[debug] [2025-08-15T19:24:37.981Z] <<< [apiv2][body] POST https://www.googleapis.com/oauth2/v3/token [omitted]
[debug] [2025-08-15T19:24:37.990Z] >>> [apiv2][query] GET https://firebase.googleapis.com/v1beta1/projects/skygen-login [none]
[debug] [2025-08-15T19:24:38.300Z] <<< [apiv2][status] GET https://firebase.googleapis.com/v1beta1/projects/skygen-login 200
[debug] [2025-08-15T19:24:38.300Z] <<< [apiv2][body] GET https://firebase.googleapis.com/v1beta1/projects/skygen-login {"projectId":"skygen-login","projectNumber":"536521368487","displayName":"Skygen login","name":"projects/skygen-login","resources":{"hostingSite":"skygen-login"},"state":"ACTIVE","etag":"1_0b65bdf2-cf83-4b1a-9920-e754e5721ce4"}
[info] i  Using project skygen-login (Skygen login) 
[info] 
=== Functions Setup
[debug] [2025-08-15T19:24:38.396Z] > command requires scopes: ["email","openid","https://www.googleapis.com/auth/cloudplatformprojects.readonly","https://www.googleapis.com/auth/firebase","https://www.googleapis.com/auth/cloud-platform"]
[debug] [2025-08-15T19:24:38.396Z] > authorizing via signed-in user (frederickbrogan1892@gmail.com)
[debug] [2025-08-15T19:24:38.396Z] [iam] checking project skygen-login for permissions ["firebase.projects.get"]
[debug] [2025-08-15T19:24:38.396Z] Checked if tokens are valid: true, expires at: 1755289476981
[debug] [2025-08-15T19:24:38.396Z] Checked if tokens are valid: true, expires at: 1755289476981
[debug] [2025-08-15T19:24:38.397Z] >>> [apiv2][query] POST https://cloudresourcemanager.googleapis.com/v1/projects/skygen-login:testIamPermissions [none]
[debug] [2025-08-15T19:24:38.397Z] >>> [apiv2][(partial)header] POST https://cloudresourcemanager.googleapis.com/v1/projects/skygen-login:testIamPermissions x-goog-quota-user=projects/skygen-login
[debug] [2025-08-15T19:24:38.397Z] >>> [apiv2][body] POST https://cloudresourcemanager.googleapis.com/v1/projects/skygen-login:testIamPermissions {"permissions":["firebase.projects.get"]}
[debug] [2025-08-15T19:24:38.606Z] <<< [apiv2][status] POST https://cloudresourcemanager.googleapis.com/v1/projects/skygen-login:testIamPermissions 200
[debug] [2025-08-15T19:24:38.606Z] <<< [apiv2][body] POST https://cloudresourcemanager.googleapis.com/v1/projects/skygen-login:testIamPermissions {"permissions":["firebase.projects.get"]}
[debug] [2025-08-15T19:24:38.607Z] Checked if tokens are valid: true, expires at: 1755289476981
[debug] [2025-08-15T19:24:38.607Z] Checked if tokens are valid: true, expires at: 1755289476981
[debug] [2025-08-15T19:24:38.607Z] Checked if tokens are valid: true, expires at: 1755289476981
[debug] [2025-08-15T19:24:38.607Z] Checked if tokens are valid: true, expires at: 1755289476981
[debug] [2025-08-15T19:24:38.608Z] >>> [apiv2][query] GET https://serviceusage.googleapis.com/v1/projects/skygen-login/services/cloudfunctions.googleapis.com [none]
[debug] [2025-08-15T19:24:38.608Z] >>> [apiv2][(partial)header] GET https://serviceusage.googleapis.com/v1/projects/skygen-login/services/cloudfunctions.googleapis.com x-goog-quota-user=projects/skygen-login
[debug] [2025-08-15T19:24:38.609Z] >>> [apiv2][query] GET https://serviceusage.googleapis.com/v1/projects/skygen-login/services/runtimeconfig.googleapis.com [none]
[debug] [2025-08-15T19:24:38.609Z] >>> [apiv2][(partial)header] GET https://serviceusage.googleapis.com/v1/projects/skygen-login/services/runtimeconfig.googleapis.com x-goog-quota-user=projects/skygen-login
[debug] [2025-08-15T19:24:39.418Z] <<< [apiv2][status] GET https://serviceusage.googleapis.com/v1/projects/skygen-login/services/runtimeconfig.googleapis.com 200
[debug] [2025-08-15T19:24:39.418Z] <<< [apiv2][body] GET https://serviceusage.googleapis.com/v1/projects/skygen-login/services/runtimeconfig.googleapis.com [omitted]
[debug] [2025-08-15T19:24:39.448Z] <<< [apiv2][status] GET https://serviceusage.googleapis.com/v1/projects/skygen-login/services/cloudfunctions.googleapis.com 200
[debug] [2025-08-15T19:24:39.448Z] <<< [apiv2][body] GET https://serviceusage.googleapis.com/v1/projects/skygen-login/services/cloudfunctions.googleapis.com [omitted]
[debug] [2025-08-15T19:24:39.449Z] Checked if tokens are valid: true, expires at: 1755289476981
[debug] [2025-08-15T19:24:39.449Z] Checked if tokens are valid: true, expires at: 1755289476981
[debug] [2025-08-15T19:24:39.449Z] >>> [apiv2][query] POST https://serviceusage.googleapis.com/v1/projects/skygen-login/services/cloudfunctions.googleapis.com:enable [none]
[debug] [2025-08-15T19:24:39.449Z] >>> [apiv2][(partial)header] POST https://serviceusage.googleapis.com/v1/projects/skygen-login/services/cloudfunctions.googleapis.com:enable x-goog-quota-user=projects/skygen-login
[debug] [2025-08-15T19:24:40.470Z] <<< [apiv2][status] POST https://serviceusage.googleapis.com/v1/projects/skygen-login/services/cloudfunctions.googleapis.com:enable 200
[debug] [2025-08-15T19:24:40.470Z] <<< [apiv2][body] POST https://serviceusage.googleapis.com/v1/projects/skygen-login/services/cloudfunctions.googleapis.com:enable [omitted]
[info] Let's create a new codebase for your functions.
[info] A directory corresponding to the codebase will be created in your project
[info] with sample code pre-configured.

[info] See https://firebase.google.com/docs/functions/organize-functions for
[info] more information on organizing your functions using codebases.

[info] Functions can be deployed with firebase deploy.

